<?xml version="1.0" encoding="UTF-8"?>
<!-- Generated by org.testng.reporters.JUnitXMLReporter -->
<testsuite ignored="0" hostname="DESKTOP-CLS43TC" failures="0" tests="7" name="Test" time="78.315" errors="0" timestamp="2025-03-22T15:25:29 IST">
  <testcase classname="testCases.TC_1_AccountRegistrationTest" name="verify_account_registration" time="2.92"/>
  <testcase classname="testCases.TC_2_LoginTest" name="Verify_login" time="1.445"/>
  <testcase classname="testCases.TC_3_LoginDataDrivenTest" name="Verify_loginDDT" time="2.478"/>
  <testcase classname="testCases.TC_3_LoginDataDrivenTest" name="Verify_loginDDT" time="11.335"/>
  <testcase classname="testCases.TC_3_LoginDataDrivenTest" name="Verify_loginDDT" time="11.261"/>
  <testcase classname="testCases.TC_3_LoginDataDrivenTest" name="Verify_loginDDT" time="10.725"/>
  <testcase classname="testCases.TC_3_LoginDataDrivenTest" name="Verify_loginDDT" time="1.957"/>
</testsuite> <!-- Test -->
