<?xml version="1.0" encoding="UTF-8"?>
<!-- Generated by org.testng.reporters.JUnitXMLReporter -->
<testsuite ignored="0" hostname="DESKTOP-CLS43TC" failures="0" tests="7" name="Test" time="61.727" errors="0" timestamp="2025-03-21T15:12:55 IST">
  <testcase classname="testCases.TC_1_AccountRegistrationTest" name="verify_account_registration" time="2.6"/>
  <testcase classname="testCases.TC_2_LoginTest" name="Verify_login" time="1.594"/>
  <testcase classname="testCases.TC_3_LoginDataDrivenTest" name="Verify_loginDDT" time="1.953"/>
  <testcase classname="testCases.TC_3_LoginDataDrivenTest" name="Verify_loginDDT" time="11.725"/>
  <testcase classname="testCases.TC_3_LoginDataDrivenTest" name="Verify_loginDDT" time="12.289"/>
  <testcase classname="testCases.TC_3_LoginDataDrivenTest" name="Verify_loginDDT" time="11.225"/>
  <testcase classname="testCases.TC_3_LoginDataDrivenTest" name="Verify_loginDDT" time="1.676"/>
</testsuite> <!-- Test -->
