<?xml version="1.0" encoding="UTF-8"?>
<testng-results ignored="0" total="7" passed="7" failed="0" skipped="0">
  <reporter-output>
  </reporter-output>
  <suite started-at="2025-03-22T15:24:10 IST" name="master suite" finished-at="2025-03-22T15:25:28 IST" duration-ms="78315">
    <groups>
      <group name="Regression">
        <method signature="TC_1_AccountRegistrationTest.verify_account_registration()[pri:0, instance:testCases.TC_1_AccountRegistrationTest@5f9be66c]" name="verify_account_registration" class="testCases.TC_1_AccountRegistrationTest"/>
      </group> <!-- Regression -->
      <group name="sanity">
        <method signature="TC_2_LoginTest.Verify_login()[pri:0, instance:testCases.TC_2_LoginTest@3adcc812]" name="Verify_login" class="testCases.TC_2_LoginTest"/>
      </group> <!-- sanity -->
      <group name="master">
        <method signature="TC_1_AccountRegistrationTest.verify_account_registration()[pri:0, instance:testCases.TC_1_AccountRegistrationTest@5f9be66c]" name="verify_account_registration" class="testCases.TC_1_AccountRegistrationTest"/>
        <method signature="TC_2_LoginTest.Verify_login()[pri:0, instance:testCases.TC_2_LoginTest@3adcc812]" name="Verify_login" class="testCases.TC_2_LoginTest"/>
      </group> <!-- master -->
    </groups>
    <test started-at="2025-03-22T15:24:10 IST" name="Test" finished-at="2025-03-22T15:25:28 IST" duration-ms="78315">
      <class name="testCases.TC_3_LoginDataDrivenTest">
        <test-method is-config="true" signature="setup(java.lang.String,java.lang.String)[pri:0, instance:testCases.TC_3_LoginDataDrivenTest@35432107]" started-at="2025-03-22T15:24:42 IST" name="setup" finished-at="2025-03-22T15:24:48 IST" duration-ms="6397" status="PASS">
          <params>
            <param index="0">
              <value>
                <![CDATA[windows]]>
              </value>
            </param>
            <param index="1">
              <value>
                <![CDATA[chrome]]>
              </value>
            </param>
          </params>
          <reporter-output>
          </reporter-output>
        </test-method> <!-- setup -->
        <test-method signature="Verify_loginDDT(java.lang.String,java.lang.String,java.lang.String)[pri:0, instance:testCases.TC_3_LoginDataDrivenTest@35432107]" started-at="2025-03-22T15:24:50 IST" name="Verify_loginDDT" data-provider="LoginData" finished-at="2025-03-22T15:24:52 IST" duration-ms="2478" status="PASS">
          <params>
            <param index="0">
              <value>
                <![CDATA[adiya@gmail.com]]>
              </value>
            </param>
            <param index="1">
              <value>
                <![CDATA[adithya]]>
              </value>
            </param>
            <param index="2">
              <value>
                <![CDATA[valid]]>
              </value>
            </param>
          </params>
          <reporter-output>
          </reporter-output>
        </test-method> <!-- Verify_loginDDT -->
        <test-method signature="Verify_loginDDT(java.lang.String,java.lang.String,java.lang.String)[pri:0, instance:testCases.TC_3_LoginDataDrivenTest@35432107]" started-at="2025-03-22T15:24:52 IST" name="Verify_loginDDT" data-provider="LoginData" finished-at="2025-03-22T15:25:03 IST" duration-ms="11335" status="PASS">
          <params>
            <param index="0">
              <value>
                <![CDATA[lakshmi@yahoo.com]]>
              </value>
            </param>
            <param index="1">
              <value>
                <![CDATA[laxmi]]>
              </value>
            </param>
            <param index="2">
              <value>
                <![CDATA[invalid]]>
              </value>
            </param>
          </params>
          <reporter-output>
          </reporter-output>
        </test-method> <!-- Verify_loginDDT -->
        <test-method signature="Verify_loginDDT(java.lang.String,java.lang.String,java.lang.String)[pri:0, instance:testCases.TC_3_LoginDataDrivenTest@35432107]" started-at="2025-03-22T15:25:03 IST" name="Verify_loginDDT" data-provider="LoginData" finished-at="2025-03-22T15:25:15 IST" duration-ms="11261" status="PASS">
          <params>
            <param index="0">
              <value>
                <![CDATA[laksh@yahoo.com]]>
              </value>
            </param>
            <param index="1">
              <value>
                <![CDATA[lakshmi]]>
              </value>
            </param>
            <param index="2">
              <value>
                <![CDATA[invalid]]>
              </value>
            </param>
          </params>
          <reporter-output>
          </reporter-output>
        </test-method> <!-- Verify_loginDDT -->
        <test-method signature="Verify_loginDDT(java.lang.String,java.lang.String,java.lang.String)[pri:0, instance:testCases.TC_3_LoginDataDrivenTest@35432107]" started-at="2025-03-22T15:25:15 IST" name="Verify_loginDDT" data-provider="LoginData" finished-at="2025-03-22T15:25:25 IST" duration-ms="10725" status="PASS">
          <params>
            <param index="0">
              <value>
                <![CDATA[lak@yahoo.com]]>
              </value>
            </param>
            <param index="1">
              <value>
                <![CDATA[xyz]]>
              </value>
            </param>
            <param index="2">
              <value>
                <![CDATA[invalid]]>
              </value>
            </param>
          </params>
          <reporter-output>
          </reporter-output>
        </test-method> <!-- Verify_loginDDT -->
        <test-method signature="Verify_loginDDT(java.lang.String,java.lang.String,java.lang.String)[pri:0, instance:testCases.TC_3_LoginDataDrivenTest@35432107]" started-at="2025-03-22T15:25:25 IST" name="Verify_loginDDT" data-provider="LoginData" finished-at="2025-03-22T15:25:27 IST" duration-ms="1957" status="PASS">
          <params>
            <param index="0">
              <value>
                <![CDATA[abc123@gmail.com]]>
              </value>
            </param>
            <param index="1">
              <value>
                <![CDATA[test@123]]>
              </value>
            </param>
            <param index="2">
              <value>
                <![CDATA[valid]]>
              </value>
            </param>
          </params>
          <reporter-output>
          </reporter-output>
        </test-method> <!-- Verify_loginDDT -->
        <test-method is-config="true" signature="tearDown()[pri:0, instance:testCases.TC_3_LoginDataDrivenTest@35432107]" started-at="2025-03-22T15:25:27 IST" name="tearDown" finished-at="2025-03-22T15:25:28 IST" duration-ms="602" status="PASS">
          <reporter-output>
          </reporter-output>
        </test-method> <!-- tearDown -->
      </class> <!-- testCases.TC_3_LoginDataDrivenTest -->
      <class name="testCases.TC_1_AccountRegistrationTest">
        <test-method is-config="true" signature="setup(java.lang.String,java.lang.String)[pri:0, instance:testCases.TC_1_AccountRegistrationTest@5f9be66c]" started-at="2025-03-22T15:24:10 IST" name="setup" finished-at="2025-03-22T15:24:32 IST" duration-ms="22064" status="PASS">
          <params>
            <param index="0">
              <value>
                <![CDATA[windows]]>
              </value>
            </param>
            <param index="1">
              <value>
                <![CDATA[chrome]]>
              </value>
            </param>
          </params>
          <reporter-output>
          </reporter-output>
        </test-method> <!-- setup -->
        <test-method signature="verify_account_registration()[pri:0, instance:testCases.TC_1_AccountRegistrationTest@5f9be66c]" started-at="2025-03-22T15:24:32 IST" name="verify_account_registration" finished-at="2025-03-22T15:24:35 IST" duration-ms="2920" status="PASS">
          <reporter-output>
          </reporter-output>
        </test-method> <!-- verify_account_registration -->
        <test-method is-config="true" signature="tearDown()[pri:0, instance:testCases.TC_1_AccountRegistrationTest@5f9be66c]" started-at="2025-03-22T15:24:35 IST" name="tearDown" finished-at="2025-03-22T15:24:35 IST" duration-ms="265" status="PASS">
          <reporter-output>
          </reporter-output>
        </test-method> <!-- tearDown -->
      </class> <!-- testCases.TC_1_AccountRegistrationTest -->
      <class name="testCases.TC_2_LoginTest">
        <test-method is-config="true" signature="setup(java.lang.String,java.lang.String)[pri:0, instance:testCases.TC_2_LoginTest@3adcc812]" started-at="2025-03-22T15:24:35 IST" name="setup" finished-at="2025-03-22T15:24:40 IST" duration-ms="4583" status="PASS">
          <params>
            <param index="0">
              <value>
                <![CDATA[windows]]>
              </value>
            </param>
            <param index="1">
              <value>
                <![CDATA[chrome]]>
              </value>
            </param>
          </params>
          <reporter-output>
          </reporter-output>
        </test-method> <!-- setup -->
        <test-method signature="Verify_login()[pri:0, instance:testCases.TC_2_LoginTest@3adcc812]" started-at="2025-03-22T15:24:40 IST" name="Verify_login" finished-at="2025-03-22T15:24:41 IST" duration-ms="1445" status="PASS">
          <reporter-output>
          </reporter-output>
        </test-method> <!-- Verify_login -->
        <test-method is-config="true" signature="tearDown()[pri:0, instance:testCases.TC_2_LoginTest@3adcc812]" started-at="2025-03-22T15:24:41 IST" name="tearDown" finished-at="2025-03-22T15:24:42 IST" duration-ms="205" status="PASS">
          <reporter-output>
          </reporter-output>
        </test-method> <!-- tearDown -->
      </class> <!-- testCases.TC_2_LoginTest -->
    </test> <!-- Test -->
  </suite> <!-- master suite -->
</testng-results>
