<?xml version="1.0" encoding="UTF-8"?>
<testng-results ignored="0" total="7" passed="7" failed="0" skipped="0">
  <reporter-output>
  </reporter-output>
  <suite started-at="2025-03-21T15:11:54 IST" name="master suite" finished-at="2025-03-21T15:12:55 IST" duration-ms="61727">
    <groups>
      <group name="Regression">
        <method signature="TC_1_AccountRegistrationTest.verify_account_registration()[pri:0, instance:testCases.TC_1_AccountRegistrationTest@6c64cb25]" name="verify_account_registration" class="testCases.TC_1_AccountRegistrationTest"/>
      </group> <!-- Regression -->
      <group name="sanity">
        <method signature="TC_2_LoginTest.Verify_login()[pri:0, instance:testCases.TC_2_LoginTest@399f45b1]" name="Verify_login" class="testCases.TC_2_LoginTest"/>
      </group> <!-- sanity -->
      <group name="master">
        <method signature="TC_1_AccountRegistrationTest.verify_account_registration()[pri:0, instance:testCases.TC_1_AccountRegistrationTest@6c64cb25]" name="verify_account_registration" class="testCases.TC_1_AccountRegistrationTest"/>
        <method signature="TC_2_LoginTest.Verify_login()[pri:0, instance:testCases.TC_2_LoginTest@399f45b1]" name="Verify_login" class="testCases.TC_2_LoginTest"/>
      </group> <!-- master -->
    </groups>
    <test started-at="2025-03-21T15:11:54 IST" name="Test" finished-at="2025-03-21T15:12:55 IST" duration-ms="61727">
      <class name="testCases.TC_3_LoginDataDrivenTest">
        <test-method is-config="true" signature="setup(java.lang.String,java.lang.String)[pri:0, instance:testCases.TC_3_LoginDataDrivenTest@38c6f217]" started-at="2025-03-21T15:12:10 IST" name="setup" finished-at="2025-03-21T15:12:15 IST" duration-ms="4115" status="PASS">
          <params>
            <param index="0">
              <value>
                <![CDATA[windows]]>
              </value>
            </param>
            <param index="1">
              <value>
                <![CDATA[chrome]]>
              </value>
            </param>
          </params>
          <reporter-output>
          </reporter-output>
        </test-method> <!-- setup -->
        <test-method signature="Verify_loginDDT(java.lang.String,java.lang.String,java.lang.String)[pri:0, instance:testCases.TC_3_LoginDataDrivenTest@38c6f217]" started-at="2025-03-21T15:12:16 IST" name="Verify_loginDDT" data-provider="LoginData" finished-at="2025-03-21T15:12:18 IST" duration-ms="1953" status="PASS">
          <params>
            <param index="0">
              <value>
                <![CDATA[adiya@gmail.com]]>
              </value>
            </param>
            <param index="1">
              <value>
                <![CDATA[adithya]]>
              </value>
            </param>
            <param index="2">
              <value>
                <![CDATA[valid]]>
              </value>
            </param>
          </params>
          <reporter-output>
          </reporter-output>
        </test-method> <!-- Verify_loginDDT -->
        <test-method signature="Verify_loginDDT(java.lang.String,java.lang.String,java.lang.String)[pri:0, instance:testCases.TC_3_LoginDataDrivenTest@38c6f217]" started-at="2025-03-21T15:12:18 IST" name="Verify_loginDDT" data-provider="LoginData" finished-at="2025-03-21T15:12:30 IST" duration-ms="11725" status="PASS">
          <params>
            <param index="0">
              <value>
                <![CDATA[lakshmi@yahoo.com]]>
              </value>
            </param>
            <param index="1">
              <value>
                <![CDATA[laxmi]]>
              </value>
            </param>
            <param index="2">
              <value>
                <![CDATA[invalid]]>
              </value>
            </param>
          </params>
          <reporter-output>
          </reporter-output>
        </test-method> <!-- Verify_loginDDT -->
        <test-method signature="Verify_loginDDT(java.lang.String,java.lang.String,java.lang.String)[pri:0, instance:testCases.TC_3_LoginDataDrivenTest@38c6f217]" started-at="2025-03-21T15:12:30 IST" name="Verify_loginDDT" data-provider="LoginData" finished-at="2025-03-21T15:12:42 IST" duration-ms="12289" status="PASS">
          <params>
            <param index="0">
              <value>
                <![CDATA[laksh@yahoo.com]]>
              </value>
            </param>
            <param index="1">
              <value>
                <![CDATA[lakshmi]]>
              </value>
            </param>
            <param index="2">
              <value>
                <![CDATA[invalid]]>
              </value>
            </param>
          </params>
          <reporter-output>
          </reporter-output>
        </test-method> <!-- Verify_loginDDT -->
        <test-method signature="Verify_loginDDT(java.lang.String,java.lang.String,java.lang.String)[pri:0, instance:testCases.TC_3_LoginDataDrivenTest@38c6f217]" started-at="2025-03-21T15:12:42 IST" name="Verify_loginDDT" data-provider="LoginData" finished-at="2025-03-21T15:12:53 IST" duration-ms="11225" status="PASS">
          <params>
            <param index="0">
              <value>
                <![CDATA[lak@yahoo.com]]>
              </value>
            </param>
            <param index="1">
              <value>
                <![CDATA[xyz]]>
              </value>
            </param>
            <param index="2">
              <value>
                <![CDATA[invalid]]>
              </value>
            </param>
          </params>
          <reporter-output>
          </reporter-output>
        </test-method> <!-- Verify_loginDDT -->
        <test-method signature="Verify_loginDDT(java.lang.String,java.lang.String,java.lang.String)[pri:0, instance:testCases.TC_3_LoginDataDrivenTest@38c6f217]" started-at="2025-03-21T15:12:53 IST" name="Verify_loginDDT" data-provider="LoginData" finished-at="2025-03-21T15:12:55 IST" duration-ms="1676" status="PASS">
          <params>
            <param index="0">
              <value>
                <![CDATA[abc123@gmail.com]]>
              </value>
            </param>
            <param index="1">
              <value>
                <![CDATA[test@123]]>
              </value>
            </param>
            <param index="2">
              <value>
                <![CDATA[valid]]>
              </value>
            </param>
          </params>
          <reporter-output>
          </reporter-output>
        </test-method> <!-- Verify_loginDDT -->
        <test-method is-config="true" signature="tearDown()[pri:0, instance:testCases.TC_3_LoginDataDrivenTest@38c6f217]" started-at="2025-03-21T15:12:55 IST" name="tearDown" finished-at="2025-03-21T15:12:55 IST" duration-ms="243" status="PASS">
          <reporter-output>
          </reporter-output>
        </test-method> <!-- tearDown -->
      </class> <!-- testCases.TC_3_LoginDataDrivenTest -->
      <class name="testCases.TC_1_AccountRegistrationTest">
        <test-method is-config="true" signature="setup(java.lang.String,java.lang.String)[pri:0, instance:testCases.TC_1_AccountRegistrationTest@6c64cb25]" started-at="2025-03-21T15:11:54 IST" name="setup" finished-at="2025-03-21T15:12:01 IST" duration-ms="7154" status="PASS">
          <params>
            <param index="0">
              <value>
                <![CDATA[windows]]>
              </value>
            </param>
            <param index="1">
              <value>
                <![CDATA[chrome]]>
              </value>
            </param>
          </params>
          <reporter-output>
          </reporter-output>
        </test-method> <!-- setup -->
        <test-method signature="verify_account_registration()[pri:0, instance:testCases.TC_1_AccountRegistrationTest@6c64cb25]" started-at="2025-03-21T15:12:01 IST" name="verify_account_registration" finished-at="2025-03-21T15:12:04 IST" duration-ms="2600" status="PASS">
          <reporter-output>
          </reporter-output>
        </test-method> <!-- verify_account_registration -->
        <test-method is-config="true" signature="tearDown()[pri:0, instance:testCases.TC_1_AccountRegistrationTest@6c64cb25]" started-at="2025-03-21T15:12:04 IST" name="tearDown" finished-at="2025-03-21T15:12:04 IST" duration-ms="281" status="PASS">
          <reporter-output>
          </reporter-output>
        </test-method> <!-- tearDown -->
      </class> <!-- testCases.TC_1_AccountRegistrationTest -->
      <class name="testCases.TC_2_LoginTest">
        <test-method is-config="true" signature="setup(java.lang.String,java.lang.String)[pri:0, instance:testCases.TC_2_LoginTest@399f45b1]" started-at="2025-03-21T15:12:04 IST" name="setup" finished-at="2025-03-21T15:12:09 IST" duration-ms="4402" status="PASS">
          <params>
            <param index="0">
              <value>
                <![CDATA[windows]]>
              </value>
            </param>
            <param index="1">
              <value>
                <![CDATA[chrome]]>
              </value>
            </param>
          </params>
          <reporter-output>
          </reporter-output>
        </test-method> <!-- setup -->
        <test-method signature="Verify_login()[pri:0, instance:testCases.TC_2_LoginTest@399f45b1]" started-at="2025-03-21T15:12:09 IST" name="Verify_login" finished-at="2025-03-21T15:12:10 IST" duration-ms="1594" status="PASS">
          <reporter-output>
          </reporter-output>
        </test-method> <!-- Verify_login -->
        <test-method is-config="true" signature="tearDown()[pri:0, instance:testCases.TC_2_LoginTest@399f45b1]" started-at="2025-03-21T15:12:10 IST" name="tearDown" finished-at="2025-03-21T15:12:10 IST" duration-ms="203" status="PASS">
          <reporter-output>
          </reporter-output>
        </test-method> <!-- tearDown -->
      </class> <!-- testCases.TC_2_LoginTest -->
    </test> <!-- Test -->
  </suite> <!-- master suite -->
</testng-results>
